<?xml version="1.0" encoding="UTF-8"?>
<testsuite xmlns:xsi="http://www.w3.org/2001/XMLSchema-instance" xsi:noNamespaceSchemaLocation="https://maven.apache.org/surefire/maven-surefire-plugin/xsd/surefire-test-report.xsd" version="3.0.2" name="lipid.AdductDetectionTest" time="0.002" tests="6" errors="0" skipped="0" failures="0">
  <properties>
    <property name="java.specification.version" value="23"/>
    <property name="sun.jnu.encoding" value="UTF-8"/>
    <property name="java.class.path" value="/Users/pepedesintas/Desktop/lcms-practice-pepedesiintasm/target/test-classes:/Users/pepedesintas/Desktop/lcms-practice-pepedesiintasm/target/classes:/Users/pepedesintas/.m2/repository/org/drools/drools-ruleunits-engine/10.0.0/drools-ruleunits-engine-10.0.0.jar:/Users/pepedesintas/.m2/repository/org/drools/drools-ruleunits-dsl/10.0.0/drools-ruleunits-dsl-10.0.0.jar:/Users/pepedesintas/.m2/repository/org/drools/drools-canonical-model/10.0.0/drools-canonical-model-10.0.0.jar:/Users/pepedesintas/.m2/repository/org/drools/drools-model-compiler/10.0.0/drools-model-compiler-10.0.0.jar:/Users/pepedesintas/.m2/repository/org/kie/kie-util-maven-support/10.0.0/kie-util-maven-support-10.0.0.jar:/Users/pepedesintas/.m2/repository/org/drools/drools-core/10.0.0/drools-core-10.0.0.jar:/Users/pepedesintas/.m2/repository/org/kie/kie-util-xml/10.0.0/kie-util-xml-10.0.0.jar:/Users/pepedesintas/.m2/repository/org/drools/drools-base/10.0.0/drools-base-10.0.0.jar:/Users/pepedesintas/.m2/repository/org/drools/drools-wiring-static/10.0.0/drools-wiring-static-10.0.0.jar:/Users/pepedesintas/.m2/repository/org/drools/drools-io/10.0.0/drools-io-10.0.0.jar:/Users/pepedesintas/.m2/repository/commons-codec/commons-codec/1.16.1/commons-codec-1.16.1.jar:/Users/pepedesintas/.m2/repository/org/drools/drools-compiler/10.0.0/drools-compiler-10.0.0.jar:/Users/pepedesintas/.m2/repository/org/drools/drools-drl-parser/10.0.0/drools-drl-parser-10.0.0.jar:/Users/pepedesintas/.m2/repository/org/drools/drools-drl-extensions/10.0.0/drools-drl-extensions-10.0.0.jar:/Users/pepedesintas/.m2/repository/org/drools/drools-drl-ast/10.0.0/drools-drl-ast-10.0.0.jar:/Users/pepedesintas/.m2/repository/org/drools/drools-kiesession/10.0.0/drools-kiesession-10.0.0.jar:/Users/pepedesintas/.m2/repository/org/drools/drools-ecj/10.0.0/drools-ecj-10.0.0.jar:/Users/pepedesintas/.m2/repository/org/eclipse/jdt/ecj/3.33.0/ecj-3.33.0.jar:/Users/pepedesintas/.m2/repository/org/antlr/antlr-runtime/3.5.2/antlr-runtime-3.5.2.jar:/Users/pepedesintas/.m2/repository/org/drools/drools-ruleunits-impl/10.0.0/drools-ruleunits-impl-10.0.0.jar:/Users/pepedesintas/.m2/repository/org/drools/drools-ruleunits-api/10.0.0/drools-ruleunits-api-10.0.0.jar:/Users/pepedesintas/.m2/repository/org/drools/drools-model-codegen/10.0.0/drools-model-codegen-10.0.0.jar:/Users/pepedesintas/.m2/repository/org/drools/drools-codegen-common/10.0.0/drools-codegen-common-10.0.0.jar:/Users/pepedesintas/.m2/repository/org/drools/drools-model-prototype/10.0.0/drools-model-prototype-10.0.0.jar:/Users/pepedesintas/.m2/repository/com/github/javaparser/javaparser-core/3.25.8/javaparser-core-3.25.8.jar:/Users/pepedesintas/.m2/repository/org/drools/drools-mvel-parser/10.0.0/drools-mvel-parser-10.0.0.jar:/Users/pepedesintas/.m2/repository/org/drools/drools-mvel-compiler/10.0.0/drools-mvel-compiler-10.0.0.jar:/Users/pepedesintas/.m2/repository/junit/junit/4.13.2/junit-4.13.2.jar:/Users/pepedesintas/.m2/repository/org/hamcrest/hamcrest-core/1.3/hamcrest-core-1.3.jar:/Users/pepedesintas/.m2/repository/org/slf4j/slf4j-api/2.0.17/slf4j-api-2.0.17.jar:/Users/pepedesintas/.m2/repository/ch/qos/logback/logback-classic/1.5.17/logback-classic-1.5.17.jar:/Users/pepedesintas/.m2/repository/ch/qos/logback/logback-core/1.5.17/logback-core-1.5.17.jar:/Users/pepedesintas/.m2/repository/org/drools/drools-wiring-dynamic/10.0.0/drools-wiring-dynamic-10.0.0.jar:/Users/pepedesintas/.m2/repository/org/drools/drools-wiring-api/10.0.0/drools-wiring-api-10.0.0.jar:/Users/pepedesintas/.m2/repository/org/kie/kie-memory-compiler/10.0.0/kie-memory-compiler-10.0.0.jar:/Users/pepedesintas/.m2/repository/org/drools/drools-util/10.0.0/drools-util-10.0.0.jar:/Users/pepedesintas/.m2/repository/org/kie/kie-api/10.0.0/kie-api-10.0.0.jar:/Users/pepedesintas/.m2/repository/org/kie/kie-internal/10.0.0/kie-internal-10.0.0.jar:"/>
    <property name="java.vm.vendor" value="Oracle Corporation"/>
    <property name="sun.arch.data.model" value="64"/>
    <property name="java.vendor.url" value="https://java.oracle.com/"/>
    <property name="user.timezone" value="Europe/Madrid"/>
    <property name="os.name" value="Mac OS X"/>
    <property name="java.vm.specification.version" value="23"/>
    <property name="sun.java.launcher" value="SUN_STANDARD"/>
    <property name="user.country" value="ES"/>
    <property name="sun.boot.library.path" value="/Library/Java/JavaVirtualMachines/jdk-23.jdk/Contents/Home/lib"/>
    <property name="sun.java.command" value="/Users/pepedesintas/Desktop/lcms-practice-pepedesiintasm/target/surefire/surefirebooter-20250515181642093_3.jar /Users/pepedesintas/Desktop/lcms-practice-pepedesiintasm/target/surefire 2025-05-15T18-16-42_019-jvmRun1 surefire-20250515181642093_1tmp surefire_0-20250515181642093_2tmp"/>
    <property name="http.nonProxyHosts" value="local|*.local|169.254/16|*.169.254/16"/>
    <property name="jdk.debug" value="release"/>
    <property name="surefire.test.class.path" value="/Users/pepedesintas/Desktop/lcms-practice-pepedesiintasm/target/test-classes:/Users/pepedesintas/Desktop/lcms-practice-pepedesiintasm/target/classes:/Users/pepedesintas/.m2/repository/org/drools/drools-ruleunits-engine/10.0.0/drools-ruleunits-engine-10.0.0.jar:/Users/pepedesintas/.m2/repository/org/drools/drools-ruleunits-dsl/10.0.0/drools-ruleunits-dsl-10.0.0.jar:/Users/pepedesintas/.m2/repository/org/drools/drools-canonical-model/10.0.0/drools-canonical-model-10.0.0.jar:/Users/pepedesintas/.m2/repository/org/drools/drools-model-compiler/10.0.0/drools-model-compiler-10.0.0.jar:/Users/pepedesintas/.m2/repository/org/kie/kie-util-maven-support/10.0.0/kie-util-maven-support-10.0.0.jar:/Users/pepedesintas/.m2/repository/org/drools/drools-core/10.0.0/drools-core-10.0.0.jar:/Users/pepedesintas/.m2/repository/org/kie/kie-util-xml/10.0.0/kie-util-xml-10.0.0.jar:/Users/pepedesintas/.m2/repository/org/drools/drools-base/10.0.0/drools-base-10.0.0.jar:/Users/pepedesintas/.m2/repository/org/drools/drools-wiring-static/10.0.0/drools-wiring-static-10.0.0.jar:/Users/pepedesintas/.m2/repository/org/drools/drools-io/10.0.0/drools-io-10.0.0.jar:/Users/pepedesintas/.m2/repository/commons-codec/commons-codec/1.16.1/commons-codec-1.16.1.jar:/Users/pepedesintas/.m2/repository/org/drools/drools-compiler/10.0.0/drools-compiler-10.0.0.jar:/Users/pepedesintas/.m2/repository/org/drools/drools-drl-parser/10.0.0/drools-drl-parser-10.0.0.jar:/Users/pepedesintas/.m2/repository/org/drools/drools-drl-extensions/10.0.0/drools-drl-extensions-10.0.0.jar:/Users/pepedesintas/.m2/repository/org/drools/drools-drl-ast/10.0.0/drools-drl-ast-10.0.0.jar:/Users/pepedesintas/.m2/repository/org/drools/drools-kiesession/10.0.0/drools-kiesession-10.0.0.jar:/Users/pepedesintas/.m2/repository/org/drools/drools-ecj/10.0.0/drools-ecj-10.0.0.jar:/Users/pepedesintas/.m2/repository/org/eclipse/jdt/ecj/3.33.0/ecj-3.33.0.jar:/Users/pepedesintas/.m2/repository/org/antlr/antlr-runtime/3.5.2/antlr-runtime-3.5.2.jar:/Users/pepedesintas/.m2/repository/org/drools/drools-ruleunits-impl/10.0.0/drools-ruleunits-impl-10.0.0.jar:/Users/pepedesintas/.m2/repository/org/drools/drools-ruleunits-api/10.0.0/drools-ruleunits-api-10.0.0.jar:/Users/pepedesintas/.m2/repository/org/drools/drools-model-codegen/10.0.0/drools-model-codegen-10.0.0.jar:/Users/pepedesintas/.m2/repository/org/drools/drools-codegen-common/10.0.0/drools-codegen-common-10.0.0.jar:/Users/pepedesintas/.m2/repository/org/drools/drools-model-prototype/10.0.0/drools-model-prototype-10.0.0.jar:/Users/pepedesintas/.m2/repository/com/github/javaparser/javaparser-core/3.25.8/javaparser-core-3.25.8.jar:/Users/pepedesintas/.m2/repository/org/drools/drools-mvel-parser/10.0.0/drools-mvel-parser-10.0.0.jar:/Users/pepedesintas/.m2/repository/org/drools/drools-mvel-compiler/10.0.0/drools-mvel-compiler-10.0.0.jar:/Users/pepedesintas/.m2/repository/junit/junit/4.13.2/junit-4.13.2.jar:/Users/pepedesintas/.m2/repository/org/hamcrest/hamcrest-core/1.3/hamcrest-core-1.3.jar:/Users/pepedesintas/.m2/repository/org/slf4j/slf4j-api/2.0.17/slf4j-api-2.0.17.jar:/Users/pepedesintas/.m2/repository/ch/qos/logback/logback-classic/1.5.17/logback-classic-1.5.17.jar:/Users/pepedesintas/.m2/repository/ch/qos/logback/logback-core/1.5.17/logback-core-1.5.17.jar:/Users/pepedesintas/.m2/repository/org/drools/drools-wiring-dynamic/10.0.0/drools-wiring-dynamic-10.0.0.jar:/Users/pepedesintas/.m2/repository/org/drools/drools-wiring-api/10.0.0/drools-wiring-api-10.0.0.jar:/Users/pepedesintas/.m2/repository/org/kie/kie-memory-compiler/10.0.0/kie-memory-compiler-10.0.0.jar:/Users/pepedesintas/.m2/repository/org/drools/drools-util/10.0.0/drools-util-10.0.0.jar:/Users/pepedesintas/.m2/repository/org/kie/kie-api/10.0.0/kie-api-10.0.0.jar:/Users/pepedesintas/.m2/repository/org/kie/kie-internal/10.0.0/kie-internal-10.0.0.jar:"/>
    <property name="sun.cpu.endian" value="little"/>
    <property name="user.home" value="/Users/pepedesintas"/>
    <property name="user.language" value="es"/>
    <property name="java.specification.vendor" value="Oracle Corporation"/>
    <property name="java.version.date" value="2025-01-21"/>
    <property name="java.home" value="/Library/Java/JavaVirtualMachines/jdk-23.jdk/Contents/Home"/>
    <property name="file.separator" value="/"/>
    <property name="basedir" value="/Users/pepedesintas/Desktop/lcms-practice-pepedesiintasm"/>
    <property name="java.vm.compressedOopsMode" value="Zero based"/>
    <property name="line.separator" value="&#10;"/>
    <property name="java.vm.specification.vendor" value="Oracle Corporation"/>
    <property name="java.specification.name" value="Java Platform API Specification"/>
    <property name="apple.awt.application.name" value="ForkedBooter"/>
    <property name="surefire.real.class.path" value="/Users/pepedesintas/Desktop/lcms-practice-pepedesiintasm/target/surefire/surefirebooter-20250515181642093_3.jar"/>
    <property name="sun.management.compiler" value="HotSpot 64-Bit Tiered Compilers"/>
    <property name="ftp.nonProxyHosts" value="local|*.local|169.254/16|*.169.254/16"/>
    <property name="java.runtime.version" value="23.0.2+7-58"/>
    <property name="user.name" value="pepedesintas"/>
    <property name="stdout.encoding" value="UTF-8"/>
    <property name="path.separator" value=":"/>
    <property name="os.version" value="15.4.1"/>
    <property name="java.runtime.name" value="Java(TM) SE Runtime Environment"/>
    <property name="file.encoding" value="UTF-8"/>
    <property name="java.vm.name" value="Java HotSpot(TM) 64-Bit Server VM"/>
    <property name="localRepository" value="/Users/pepedesintas/.m2/repository"/>
    <property name="java.vendor.url.bug" value="https://bugreport.java.com/bugreport/"/>
    <property name="java.io.tmpdir" value="/var/folders/_6/y65qx_ln445314xzkc_slzmc0000gn/T/"/>
    <property name="idea.version" value="2024.3.4.1"/>
    <property name="java.version" value="23.0.2"/>
    <property name="user.dir" value="/Users/pepedesintas/Desktop/lcms-practice-pepedesiintasm"/>
    <property name="os.arch" value="x86_64"/>
    <property name="java.vm.specification.name" value="Java Virtual Machine Specification"/>
    <property name="native.encoding" value="UTF-8"/>
    <property name="java.library.path" value="/Users/pepedesintas/Library/Java/Extensions:/Library/Java/Extensions:/Network/Library/Java/Extensions:/System/Library/Java/Extensions:/usr/lib/java:."/>
    <property name="java.vm.info" value="mixed mode, sharing"/>
    <property name="stderr.encoding" value="UTF-8"/>
    <property name="java.vendor" value="Oracle Corporation"/>
    <property name="java.vm.version" value="23.0.2+7-58"/>
    <property name="sun.io.unicode.encoding" value="UnicodeBig"/>
    <property name="socksNonProxyHosts" value="local|*.local|169.254/16|*.169.254/16"/>
    <property name="java.class.version" value="67.0"/>
  </properties>
  <testcase name="shouldDetectNegativeAdductBasedOnMzDifference" classname="lipid.AdductDetectionTest" time="0.0">
    <system-out><![CDATA[[M-H]-
]]></system-out>
  </testcase>
  <testcase name="shouldDetectDoublyChargedAdduct" classname="lipid.AdductDetectionTest" time="0.001">
    <system-out><![CDATA[[M+H]+
]]></system-out>
  </testcase>
  <testcase name="shouldDetectAdductBasedOnMzDifference" classname="lipid.AdductDetectionTest" time="0.0">
    <system-out><![CDATA[[M+H]+
]]></system-out>
  </testcase>
  <testcase name="shouldDetectLossOfWaterAdduct" classname="lipid.AdductDetectionTest" time="0.001">
    <system-out><![CDATA[[M+H]+
]]></system-out>
  </testcase>
  <testcase name="shouldDetectDimerAdductAmongNegativeOptions" classname="lipid.AdductDetectionTest" time="0.0"/>
  <testcase name="shouldDetectDimerizationAndBaseMonomer" classname="lipid.AdductDetectionTest" time="0.0"/>
</testsuite>